-- Found ament_cmake: 1.1.6 (/opt/ros/galactic/share/ament_cmake/cmake)
-- Using PYTHON_EXECUTABLE: /usr/bin/python3
-- Found rclcpp: 9.2.2 (/opt/ros/galactic/share/rclcpp/cmake)
-- Using all available rosidl_typesupport_c: rosidl_typesupport_fastrtps_c;rosidl_typesupport_introspection_c
-- Found rosidl_adapter: 2.2.3 (/opt/ros/galactic/share/rosidl_adapter/cmake)
-- Using all available rosidl_typesupport_cpp: rosidl_typesupport_fastrtps_cpp;rosidl_typesupport_introspection_cpp
-- Found rmw_implementation_cmake: 3.3.1 (/opt/ros/galactic/share/rmw_implementation_cmake/cmake)
-- Found rmw_cyclonedds_cpp: 0.22.6 (/opt/ros/galactic/share/rmw_cyclonedds_cpp/cmake)
-- Using RMW implementation 'rmw_cyclonedds_cpp' as default
-- Found ament_lint_auto: 0.10.7 (/opt/ros/galactic/share/ament_lint_auto/cmake)
-- Added test 'cppcheck' to perform static code analysis on C / C++ code
-- Configured cppcheck include dirs: 
-- Configured cppcheck exclude dirs and/or files: 
-- Added test 'flake8' to check Python code syntax and style conventions
-- Added test 'lint_cmake' to check CMake code style
-- Added test 'pep257' to check Python code against some of the style conventions in PEP 257
-- Added test 'uncrustify' to check C / C++ code style
-- Configured uncrustify additional arguments: 
-- Added test 'xmllint' to check XML markup files
-- Configuring done
-- Generating done
-- Build files have been written to: /home/kevin/ROS2_Homework/build/shop_customer
[ 50%] Built target customer
[100%] Built target shop
-- Install configuration: ""
-- Installing: /home/kevin/ROS2_Homework/install/shop_customer/share/shop_customer/launch
-- Installing: /home/kevin/ROS2_Homework/install/shop_customer/share/shop_customer/launch/shop_customer_launch.py
-- Up-to-date: /home/kevin/ROS2_Homework/install/shop_customer/lib/shop_customer/shop
-- Up-to-date: /home/kevin/ROS2_Homework/install/shop_customer/lib/shop_customer/customer
-- Up-to-date: /home/kevin/ROS2_Homework/install/shop_customer/share/ament_index/resource_index/package_run_dependencies/shop_customer
-- Installing: /home/kevin/ROS2_Homework/install/shop_customer/share/ament_index/resource_index/parent_prefix_path/shop_customer
-- Up-to-date: /home/kevin/ROS2_Homework/install/shop_customer/share/shop_customer/environment/ament_prefix_path.sh
-- Installing: /home/kevin/ROS2_Homework/install/shop_customer/share/shop_customer/environment/ament_prefix_path.dsv
-- Up-to-date: /home/kevin/ROS2_Homework/install/shop_customer/share/shop_customer/environment/path.sh
-- Installing: /home/kevin/ROS2_Homework/install/shop_customer/share/shop_customer/environment/path.dsv
-- Up-to-date: /home/kevin/ROS2_Homework/install/shop_customer/share/shop_customer/local_setup.bash
-- Up-to-date: /home/kevin/ROS2_Homework/install/shop_customer/share/shop_customer/local_setup.sh
-- Up-to-date: /home/kevin/ROS2_Homework/install/shop_customer/share/shop_customer/local_setup.zsh
-- Installing: /home/kevin/ROS2_Homework/install/shop_customer/share/shop_customer/local_setup.dsv
-- Installing: /home/kevin/ROS2_Homework/install/shop_customer/share/shop_customer/package.dsv
-- Up-to-date: /home/kevin/ROS2_Homework/install/shop_customer/share/ament_index/resource_index/packages/shop_customer
-- Up-to-date: /home/kevin/ROS2_Homework/install/shop_customer/share/shop_customer/cmake/shop_customerConfig.cmake
-- Up-to-date: /home/kevin/ROS2_Homework/install/shop_customer/share/shop_customer/cmake/shop_customerConfig-version.cmake
-- Up-to-date: /home/kevin/ROS2_Homework/install/shop_customer/share/shop_customer/package.xml
