[0.028s] Invoking command in '/home/kevin/ROS2_Homework/build/shop_customer': CMAKE_PREFIX_PATH=${CMAKE_PREFIX_PATH}:/opt/ros/galactic /usr/bin/cmake --build /home/kevin/ROS2_Homework/build/shop_customer -- -j4 -l4
[0.091s] -- Found ament_cmake: 1.1.6 (/opt/ros/galactic/share/ament_cmake/cmake)
[0.152s] -- Using PYTHON_EXECUTABLE: /usr/bin/python3
[0.367s] -- Found rclcpp: 9.2.2 (/opt/ros/galactic/share/rclcpp/cmake)
[0.434s] -- Using all available rosidl_typesupport_c: rosidl_typesupport_fastrtps_c;rosidl_typesupport_introspection_c
[0.440s] -- Found rosidl_adapter: 2.2.3 (/opt/ros/galactic/share/rosidl_adapter/cmake)
[0.672s] -- Using all available rosidl_typesupport_cpp: rosidl_typesupport_fastrtps_cpp;rosidl_typesupport_introspection_cpp
[0.760s] -- Found rmw_implementation_cmake: 3.3.1 (/opt/ros/galactic/share/rmw_implementation_cmake/cmake)
[0.763s] -- Found rmw_cyclonedds_cpp: 0.22.6 (/opt/ros/galactic/share/rmw_cyclonedds_cpp/cmake)
[0.795s] -- Using RMW implementation 'rmw_cyclonedds_cpp' as default
[1.058s] -- Found ament_lint_auto: 0.10.7 (/opt/ros/galactic/share/ament_lint_auto/cmake)
[1.166s] -- Added test 'cppcheck' to perform static code analysis on C / C++ code
[1.167s] -- Configured cppcheck include dirs: 
[1.167s] -- Configured cppcheck exclude dirs and/or files: 
[1.167s] -- Added test 'flake8' to check Python code syntax and style conventions
[1.168s] -- Added test 'lint_cmake' to check CMake code style
[1.169s] -- Added test 'pep257' to check Python code against some of the style conventions in PEP 257
[1.170s] -- Added test 'uncrustify' to check C / C++ code style
[1.171s] -- Configured uncrustify additional arguments: 
[1.171s] -- Added test 'xmllint' to check XML markup files
[1.175s] -- Configuring done
[1.200s] -- Generating done
[1.212s] -- Build files have been written to: /home/kevin/ROS2_Homework/build/shop_customer
[1.294s] [ 50%] Built target customer
[1.294s] [100%] Built target shop
[1.315s] Invoked command in '/home/kevin/ROS2_Homework/build/shop_customer' returned '0': CMAKE_PREFIX_PATH=${CMAKE_PREFIX_PATH}:/opt/ros/galactic /usr/bin/cmake --build /home/kevin/ROS2_Homework/build/shop_customer -- -j4 -l4
[1.341s] Invoking command in '/home/kevin/ROS2_Homework/build/shop_customer': CMAKE_PREFIX_PATH=${CMAKE_PREFIX_PATH}:/opt/ros/galactic /usr/bin/cmake --install /home/kevin/ROS2_Homework/build/shop_customer
[1.360s] -- Install configuration: ""
[1.360s] -- Installing: /home/kevin/ROS2_Homework/install/shop_customer/share/shop_customer/launch
[1.361s] -- Installing: /home/kevin/ROS2_Homework/install/shop_customer/share/shop_customer/launch/shop_customer_launch.py
[1.362s] -- Up-to-date: /home/kevin/ROS2_Homework/install/shop_customer/lib/shop_customer/shop
[1.363s] -- Up-to-date: /home/kevin/ROS2_Homework/install/shop_customer/lib/shop_customer/customer
[1.363s] -- Up-to-date: /home/kevin/ROS2_Homework/install/shop_customer/share/ament_index/resource_index/package_run_dependencies/shop_customer
[1.363s] -- Installing: /home/kevin/ROS2_Homework/install/shop_customer/share/ament_index/resource_index/parent_prefix_path/shop_customer
[1.364s] -- Up-to-date: /home/kevin/ROS2_Homework/install/shop_customer/share/shop_customer/environment/ament_prefix_path.sh
[1.365s] -- Installing: /home/kevin/ROS2_Homework/install/shop_customer/share/shop_customer/environment/ament_prefix_path.dsv
[1.365s] -- Up-to-date: /home/kevin/ROS2_Homework/install/shop_customer/share/shop_customer/environment/path.sh
[1.365s] -- Installing: /home/kevin/ROS2_Homework/install/shop_customer/share/shop_customer/environment/path.dsv
[1.366s] -- Up-to-date: /home/kevin/ROS2_Homework/install/shop_customer/share/shop_customer/local_setup.bash
[1.367s] -- Up-to-date: /home/kevin/ROS2_Homework/install/shop_customer/share/shop_customer/local_setup.sh
[1.367s] -- Up-to-date: /home/kevin/ROS2_Homework/install/shop_customer/share/shop_customer/local_setup.zsh
[1.367s] -- Installing: /home/kevin/ROS2_Homework/install/shop_customer/share/shop_customer/local_setup.dsv
[1.368s] -- Installing: /home/kevin/ROS2_Homework/install/shop_customer/share/shop_customer/package.dsv
[1.369s] -- Up-to-date: /home/kevin/ROS2_Homework/install/shop_customer/share/ament_index/resource_index/packages/shop_customer
[1.369s] -- Up-to-date: /home/kevin/ROS2_Homework/install/shop_customer/share/shop_customer/cmake/shop_customerConfig.cmake
[1.369s] -- Up-to-date: /home/kevin/ROS2_Homework/install/shop_customer/share/shop_customer/cmake/shop_customerConfig-version.cmake
[1.369s] -- Up-to-date: /home/kevin/ROS2_Homework/install/shop_customer/share/shop_customer/package.xml
[1.375s] Invoked command in '/home/kevin/ROS2_Homework/build/shop_customer' returned '0': CMAKE_PREFIX_PATH=${CMAKE_PREFIX_PATH}:/opt/ros/galactic /usr/bin/cmake --install /home/kevin/ROS2_Homework/build/shop_customer
