[35m[1mScanning dependencies of target shop[0m
[35m[1mScanning dependencies of target customer[0m
[ 25%] [32mBuilding CXX object CMakeFiles/customer.dir/src/node/customer.cpp.o[0m
[ 50%] [32mBuilding CXX object CMakeFiles/shop.dir/src/node/shop.cpp.o[0m
[ 75%] [32m[1mLinking CXX executable shop[0m
[100%] [32m[1mLinking CXX executable customer[0m
[100%] Built target shop
[100%] Built target customer
-- Install configuration: ""
-- Up-to-date: /home/kevin/ROS2_Homework/install/shop_customer/share/shop_customer/launch
-- Up-to-date: /home/kevin/ROS2_Homework/install/shop_customer/share/shop_customer/launch/shop_customer_launch.py
-- Installing: /home/kevin/ROS2_Homework/install/shop_customer/lib/shop_customer/shop
-- Set runtime path of "/home/kevin/ROS2_Homework/install/shop_customer/lib/shop_customer/shop" to ""
-- Installing: /home/kevin/ROS2_Homework/install/shop_customer/lib/shop_customer/customer
-- Set runtime path of "/home/kevin/ROS2_Homework/install/shop_customer/lib/shop_customer/customer" to ""
-- Up-to-date: /home/kevin/ROS2_Homework/install/shop_customer/share/ament_index/resource_index/package_run_dependencies/shop_customer
-- Up-to-date: /home/kevin/ROS2_Homework/install/shop_customer/share/ament_index/resource_index/parent_prefix_path/shop_customer
-- Up-to-date: /home/kevin/ROS2_Homework/install/shop_customer/share/shop_customer/environment/ament_prefix_path.sh
-- Up-to-date: /home/kevin/ROS2_Homework/install/shop_customer/share/shop_customer/environment/ament_prefix_path.dsv
-- Up-to-date: /home/kevin/ROS2_Homework/install/shop_customer/share/shop_customer/environment/path.sh
-- Up-to-date: /home/kevin/ROS2_Homework/install/shop_customer/share/shop_customer/environment/path.dsv
-- Up-to-date: /home/kevin/ROS2_Homework/install/shop_customer/share/shop_customer/local_setup.bash
-- Up-to-date: /home/kevin/ROS2_Homework/install/shop_customer/share/shop_customer/local_setup.sh
-- Up-to-date: /home/kevin/ROS2_Homework/install/shop_customer/share/shop_customer/local_setup.zsh
-- Up-to-date: /home/kevin/ROS2_Homework/install/shop_customer/share/shop_customer/local_setup.dsv
-- Up-to-date: /home/kevin/ROS2_Homework/install/shop_customer/share/shop_customer/package.dsv
-- Up-to-date: /home/kevin/ROS2_Homework/install/shop_customer/share/ament_index/resource_index/packages/shop_customer
-- Up-to-date: /home/kevin/ROS2_Homework/install/shop_customer/share/shop_customer/cmake/shop_customerConfig.cmake
-- Up-to-date: /home/kevin/ROS2_Homework/install/shop_customer/share/shop_customer/cmake/shop_customerConfig-version.cmake
-- Up-to-date: /home/kevin/ROS2_Homework/install/shop_customer/share/shop_customer/package.xml
