[0.040s] Invoking command in '/home/kevin/ROS2_Homework/build/shop_customer': CMAKE_PREFIX_PATH=/opt/ros/galactic /usr/bin/cmake --build /home/kevin/ROS2_Homework/build/shop_customer -- -j4 -l4
[0.158s] [35m[1mScanning dependencies of target shop[0m
[0.159s] [35m[1mScanning dependencies of target customer[0m
[0.222s] [ 25%] [32mBuilding CXX object CMakeFiles/customer.dir/src/node/customer.cpp.o[0m
[0.228s] [ 50%] [32mBuilding CXX object CMakeFiles/shop.dir/src/node/shop.cpp.o[0m
[15.275s] [ 75%] [32m[1mLinking CXX executable shop[0m
[15.357s] [100%] [32m[1mLinking CXX executable customer[0m
[16.004s] [100%] Built target shop
[16.016s] [100%] Built target customer
[16.032s] Invoked command in '/home/kevin/ROS2_Homework/build/shop_customer' returned '0': CMAKE_PREFIX_PATH=/opt/ros/galactic /usr/bin/cmake --build /home/kevin/ROS2_Homework/build/shop_customer -- -j4 -l4
[16.053s] Invoking command in '/home/kevin/ROS2_Homework/build/shop_customer': CMAKE_PREFIX_PATH=/opt/ros/galactic /usr/bin/cmake --install /home/kevin/ROS2_Homework/build/shop_customer
[16.066s] -- Install configuration: ""
[16.067s] -- Up-to-date: /home/kevin/ROS2_Homework/install/shop_customer/share/shop_customer/launch
[16.067s] -- Up-to-date: /home/kevin/ROS2_Homework/install/shop_customer/share/shop_customer/launch/shop_customer_launch.py
[16.068s] -- Installing: /home/kevin/ROS2_Homework/install/shop_customer/lib/shop_customer/shop
[16.073s] -- Set runtime path of "/home/kevin/ROS2_Homework/install/shop_customer/lib/shop_customer/shop" to ""
[16.075s] -- Installing: /home/kevin/ROS2_Homework/install/shop_customer/lib/shop_customer/customer
[16.080s] -- Set runtime path of "/home/kevin/ROS2_Homework/install/shop_customer/lib/shop_customer/customer" to ""
[16.080s] -- Up-to-date: /home/kevin/ROS2_Homework/install/shop_customer/share/ament_index/resource_index/package_run_dependencies/shop_customer
[16.080s] -- Up-to-date: /home/kevin/ROS2_Homework/install/shop_customer/share/ament_index/resource_index/parent_prefix_path/shop_customer
[16.082s] -- Up-to-date: /home/kevin/ROS2_Homework/install/shop_customer/share/shop_customer/environment/ament_prefix_path.sh
[16.083s] -- Up-to-date: /home/kevin/ROS2_Homework/install/shop_customer/share/shop_customer/environment/ament_prefix_path.dsv
[16.083s] -- Up-to-date: /home/kevin/ROS2_Homework/install/shop_customer/share/shop_customer/environment/path.sh
[16.083s] -- Up-to-date: /home/kevin/ROS2_Homework/install/shop_customer/share/shop_customer/environment/path.dsv
[16.083s] -- Up-to-date: /home/kevin/ROS2_Homework/install/shop_customer/share/shop_customer/local_setup.bash
[16.083s] -- Up-to-date: /home/kevin/ROS2_Homework/install/shop_customer/share/shop_customer/local_setup.sh
[16.083s] -- Up-to-date: /home/kevin/ROS2_Homework/install/shop_customer/share/shop_customer/local_setup.zsh
[16.083s] -- Up-to-date: /home/kevin/ROS2_Homework/install/shop_customer/share/shop_customer/local_setup.dsv
[16.084s] -- Up-to-date: /home/kevin/ROS2_Homework/install/shop_customer/share/shop_customer/package.dsv
[16.084s] -- Up-to-date: /home/kevin/ROS2_Homework/install/shop_customer/share/ament_index/resource_index/packages/shop_customer
[16.084s] -- Up-to-date: /home/kevin/ROS2_Homework/install/shop_customer/share/shop_customer/cmake/shop_customerConfig.cmake
[16.084s] -- Up-to-date: /home/kevin/ROS2_Homework/install/shop_customer/share/shop_customer/cmake/shop_customerConfig-version.cmake
[16.084s] -- Up-to-date: /home/kevin/ROS2_Homework/install/shop_customer/share/shop_customer/package.xml
[16.088s] Invoked command in '/home/kevin/ROS2_Homework/build/shop_customer' returned '0': CMAKE_PREFIX_PATH=/opt/ros/galactic /usr/bin/cmake --install /home/kevin/ROS2_Homework/build/shop_customer
