[0.314s] DEBUG:colcon:Command line arguments: ['/usr/bin/colcon', 'build', '--packages-select', 'shop_customer']
[0.314s] DEBUG:colcon:Parsed command line arguments: Namespace(allow_overriding=[], ament_cmake_args=None, base_paths=['.'], build_base='build', catkin_cmake_args=None, catkin_skip_building_tests=False, cmake_args=None, cmake_clean_cache=False, cmake_clean_first=False, cmake_force_configure=False, cmake_target=None, cmake_target_skip_unavailable=False, continue_on_error=False, event_handlers=None, executor='parallel', ignore_user_meta=False, install_base='install', log_base=None, log_level=None, main=<bound method BuildVerb.main of <colcon_core.verb.build.BuildVerb object at 0x7fa09b3ab640>>, merge_install=False, metas=['./colcon.meta'], packages_above=None, packages_above_and_dependencies=None, packages_above_depth=None, packages_end=None, packages_ignore=None, packages_ignore_regex=None, packages_select=['shop_customer'], packages_select_build_failed=False, packages_select_by_dep=None, packages_select_regex=None, packages_select_test_failures=False, packages_skip=None, packages_skip_build_finished=False, packages_skip_by_dep=None, packages_skip_regex=None, packages_skip_test_passed=False, packages_skip_up_to=None, packages_start=None, packages_up_to=None, packages_up_to_regex=None, parallel_workers=4, paths=None, symlink_install=False, test_result_base=None, verb_extension=<colcon_core.verb.build.BuildVerb object at 0x7fa09b3ab640>, verb_name='build', verb_parser=<colcon_defaults.argument_parser.defaults.DefaultArgumentsDecorator object at 0x7fa09b3abb20>)
[0.569s] Level 1:colcon.colcon_core.package_discovery:discover_packages(colcon_meta) check parameters
[0.569s] Level 1:colcon.colcon_core.package_discovery:discover_packages(recursive) check parameters
[0.569s] Level 1:colcon.colcon_core.package_discovery:discover_packages(ignore) check parameters
[0.569s] Level 1:colcon.colcon_core.package_discovery:discover_packages(path) check parameters
[0.569s] Level 1:colcon.colcon_core.package_discovery:discover_packages(colcon_meta) discover
[0.570s] Level 1:colcon.colcon_core.package_discovery:discover_packages(recursive) discover
[0.570s] INFO:colcon.colcon_core.package_discovery:Crawling recursively for packages in '/home/kevin/ROS2_Homework'
[0.570s] Level 1:colcon.colcon_core.package_identification:_identify(.) by extensions ['ignore', 'ignore_ament_install']
[0.570s] Level 1:colcon.colcon_core.package_identification:_identify(.) by extension 'ignore'
[0.570s] Level 1:colcon.colcon_core.package_identification:_identify(.) by extension 'ignore_ament_install'
[0.570s] Level 1:colcon.colcon_core.package_identification:_identify(.) by extensions ['colcon_pkg']
[0.570s] Level 1:colcon.colcon_core.package_identification:_identify(.) by extension 'colcon_pkg'
[0.570s] Level 1:colcon.colcon_core.package_identification:_identify(.) by extensions ['colcon_meta']
[0.570s] Level 1:colcon.colcon_core.package_identification:_identify(.) by extension 'colcon_meta'
[0.570s] Level 1:colcon.colcon_core.package_identification:_identify(.) by extensions ['ros']
[0.570s] Level 1:colcon.colcon_core.package_identification:_identify(.) by extension 'ros'
[0.590s] Level 1:colcon.colcon_core.package_identification:_identify(.) by extensions ['cmake', 'python']
[0.590s] Level 1:colcon.colcon_core.package_identification:_identify(.) by extension 'cmake'
[0.590s] Level 1:colcon.colcon_core.package_identification:_identify(.) by extension 'python'
[0.590s] Level 1:colcon.colcon_core.package_identification:_identify(.) by extensions ['python_setup_py']
[0.590s] Level 1:colcon.colcon_core.package_identification:_identify(.) by extension 'python_setup_py'
[0.591s] Level 1:colcon.colcon_core.package_identification:_identify(build) by extensions ['ignore', 'ignore_ament_install']
[0.591s] Level 1:colcon.colcon_core.package_identification:_identify(build) by extension 'ignore'
[0.591s] Level 1:colcon.colcon_core.package_identification:_identify(build) ignored
[0.591s] Level 1:colcon.colcon_core.package_identification:_identify(install) by extensions ['ignore', 'ignore_ament_install']
[0.592s] Level 1:colcon.colcon_core.package_identification:_identify(install) by extension 'ignore'
[0.592s] Level 1:colcon.colcon_core.package_identification:_identify(install) ignored
[0.592s] Level 1:colcon.colcon_core.package_identification:_identify(log) by extensions ['ignore', 'ignore_ament_install']
[0.592s] Level 1:colcon.colcon_core.package_identification:_identify(log) by extension 'ignore'
[0.592s] Level 1:colcon.colcon_core.package_identification:_identify(log) ignored
[0.592s] Level 1:colcon.colcon_core.package_identification:_identify(shop_customer) by extensions ['ignore', 'ignore_ament_install']
[0.592s] Level 1:colcon.colcon_core.package_identification:_identify(shop_customer) by extension 'ignore'
[0.592s] Level 1:colcon.colcon_core.package_identification:_identify(shop_customer) by extension 'ignore_ament_install'
[0.592s] Level 1:colcon.colcon_core.package_identification:_identify(shop_customer) by extensions ['colcon_pkg']
[0.592s] Level 1:colcon.colcon_core.package_identification:_identify(shop_customer) by extension 'colcon_pkg'
[0.592s] Level 1:colcon.colcon_core.package_identification:_identify(shop_customer) by extensions ['colcon_meta']
[0.592s] Level 1:colcon.colcon_core.package_identification:_identify(shop_customer) by extension 'colcon_meta'
[0.592s] Level 1:colcon.colcon_core.package_identification:_identify(shop_customer) by extensions ['ros']
[0.592s] Level 1:colcon.colcon_core.package_identification:_identify(shop_customer) by extension 'ros'
[0.597s] DEBUG:colcon.colcon_core.package_identification:Package 'shop_customer' with type 'ros.ament_cmake' and name 'shop_customer'
[0.597s] Level 1:colcon.colcon_core.package_discovery:discover_packages(recursive) using defaults
[0.597s] Level 1:colcon.colcon_core.package_discovery:discover_packages(ignore) discover
[0.597s] Level 1:colcon.colcon_core.package_discovery:discover_packages(ignore) using defaults
[0.597s] Level 1:colcon.colcon_core.package_discovery:discover_packages(path) discover
[0.597s] Level 1:colcon.colcon_core.package_discovery:discover_packages(path) using defaults
[0.624s] Level 1:colcon.colcon_core.package_discovery:discover_packages(prefix_path) check parameters
[0.625s] Level 1:colcon.colcon_core.package_discovery:discover_packages(prefix_path) discover
[0.627s] DEBUG:colcon.colcon_installed_package_information.package_discovery:Found 1 installed packages in /home/kevin/ROS2_Homework/install
[0.630s] DEBUG:colcon.colcon_installed_package_information.package_discovery:Found 268 installed packages in /opt/ros/galactic
[0.634s] Level 1:colcon.colcon_core.package_discovery:discover_packages(prefix_path) using defaults
[0.781s] Level 5:colcon.colcon_core.verb:set package 'shop_customer' build argument 'cmake_args' from command line to 'None'
[0.781s] Level 5:colcon.colcon_core.verb:set package 'shop_customer' build argument 'cmake_target' from command line to 'None'
[0.781s] Level 5:colcon.colcon_core.verb:set package 'shop_customer' build argument 'cmake_target_skip_unavailable' from command line to 'False'
[0.781s] Level 5:colcon.colcon_core.verb:set package 'shop_customer' build argument 'cmake_clean_cache' from command line to 'False'
[0.781s] Level 5:colcon.colcon_core.verb:set package 'shop_customer' build argument 'cmake_clean_first' from command line to 'False'
[0.781s] Level 5:colcon.colcon_core.verb:set package 'shop_customer' build argument 'cmake_force_configure' from command line to 'False'
[0.781s] Level 5:colcon.colcon_core.verb:set package 'shop_customer' build argument 'ament_cmake_args' from command line to 'None'
[0.781s] Level 5:colcon.colcon_core.verb:set package 'shop_customer' build argument 'catkin_cmake_args' from command line to 'None'
[0.781s] Level 5:colcon.colcon_core.verb:set package 'shop_customer' build argument 'catkin_skip_building_tests' from command line to 'False'
[0.781s] DEBUG:colcon.colcon_core.verb:Building package 'shop_customer' with the following arguments: {'ament_cmake_args': None, 'build_base': '/home/kevin/ROS2_Homework/build/shop_customer', 'catkin_cmake_args': None, 'catkin_skip_building_tests': False, 'cmake_args': None, 'cmake_clean_cache': False, 'cmake_clean_first': False, 'cmake_force_configure': False, 'cmake_target': None, 'cmake_target_skip_unavailable': False, 'install_base': '/home/kevin/ROS2_Homework/install/shop_customer', 'merge_install': False, 'path': '/home/kevin/ROS2_Homework/shop_customer', 'symlink_install': False, 'test_result_base': None}
[0.781s] INFO:colcon.colcon_core.executor:Executing jobs using 'parallel' executor
[0.784s] DEBUG:colcon.colcon_parallel_executor.executor.parallel:run_until_complete
[0.785s] INFO:colcon.colcon_ros.task.ament_cmake.build:Building ROS package in '/home/kevin/ROS2_Homework/shop_customer' with build type 'ament_cmake'
[0.785s] INFO:colcon.colcon_cmake.task.cmake.build:Building CMake package in '/home/kevin/ROS2_Homework/shop_customer'
[0.791s] INFO:colcon.colcon_core.plugin_system:Skipping extension 'colcon_core.shell.bat': Not used on non-Windows systems
[0.791s] INFO:colcon.colcon_core.shell:Skip shell extension 'powershell' for command environment: Not usable outside of PowerShell
[0.791s] DEBUG:colcon.colcon_core.shell:Skip shell extension 'dsv' for command environment
[0.815s] DEBUG:colcon.colcon_core.event_handler.log_command:Invoking command in '/home/kevin/ROS2_Homework/build/shop_customer': CMAKE_PREFIX_PATH=${CMAKE_PREFIX_PATH}:/opt/ros/galactic /usr/bin/cmake --build /home/kevin/ROS2_Homework/build/shop_customer -- -j4 -l4
[2.102s] DEBUG:colcon.colcon_core.event_handler.log_command:Invoked command in '/home/kevin/ROS2_Homework/build/shop_customer' returned '0': CMAKE_PREFIX_PATH=${CMAKE_PREFIX_PATH}:/opt/ros/galactic /usr/bin/cmake --build /home/kevin/ROS2_Homework/build/shop_customer -- -j4 -l4
[2.129s] DEBUG:colcon.colcon_core.event_handler.log_command:Invoking command in '/home/kevin/ROS2_Homework/build/shop_customer': CMAKE_PREFIX_PATH=${CMAKE_PREFIX_PATH}:/opt/ros/galactic /usr/bin/cmake --install /home/kevin/ROS2_Homework/build/shop_customer
[2.160s] Level 1:colcon.colcon_core.environment:create_environment_scripts_only(shop_customer)
[2.162s] DEBUG:colcon.colcon_core.event_handler.log_command:Invoked command in '/home/kevin/ROS2_Homework/build/shop_customer' returned '0': CMAKE_PREFIX_PATH=${CMAKE_PREFIX_PATH}:/opt/ros/galactic /usr/bin/cmake --install /home/kevin/ROS2_Homework/build/shop_customer
[2.172s] Level 1:colcon.colcon_core.environment:checking '/home/kevin/ROS2_Homework/install/shop_customer' for CMake module files
[2.173s] Level 1:colcon.colcon_core.environment:checking '/home/kevin/ROS2_Homework/install/shop_customer' for CMake config files
[2.174s] Level 1:colcon.colcon_core.shell:create_environment_hook('shop_customer', 'cmake_prefix_path')
[2.175s] INFO:colcon.colcon_core.shell:Creating environment hook '/home/kevin/ROS2_Homework/install/shop_customer/share/shop_customer/hook/cmake_prefix_path.ps1'
[2.177s] INFO:colcon.colcon_core.shell:Creating environment descriptor '/home/kevin/ROS2_Homework/install/shop_customer/share/shop_customer/hook/cmake_prefix_path.dsv'
[2.179s] INFO:colcon.colcon_core.shell:Creating environment hook '/home/kevin/ROS2_Homework/install/shop_customer/share/shop_customer/hook/cmake_prefix_path.sh'
[2.182s] Level 1:colcon.colcon_core.environment:checking '/home/kevin/ROS2_Homework/install/shop_customer/lib'
[2.182s] Level 1:colcon.colcon_core.environment:checking '/home/kevin/ROS2_Homework/install/shop_customer/bin'
[2.182s] Level 1:colcon.colcon_core.environment:checking '/home/kevin/ROS2_Homework/install/shop_customer/lib/pkgconfig/shop_customer.pc'
[2.183s] Level 1:colcon.colcon_core.environment:checking '/home/kevin/ROS2_Homework/install/shop_customer/lib/python3.8/site-packages'
[2.184s] Level 1:colcon.colcon_core.environment:checking '/home/kevin/ROS2_Homework/install/shop_customer/bin'
[2.185s] INFO:colcon.colcon_core.shell:Creating package script '/home/kevin/ROS2_Homework/install/shop_customer/share/shop_customer/package.ps1'
[2.187s] INFO:colcon.colcon_core.shell:Creating package descriptor '/home/kevin/ROS2_Homework/install/shop_customer/share/shop_customer/package.dsv'
[2.188s] INFO:colcon.colcon_core.shell:Creating package script '/home/kevin/ROS2_Homework/install/shop_customer/share/shop_customer/package.sh'
[2.190s] INFO:colcon.colcon_core.shell:Creating package script '/home/kevin/ROS2_Homework/install/shop_customer/share/shop_customer/package.bash'
[2.193s] INFO:colcon.colcon_core.shell:Creating package script '/home/kevin/ROS2_Homework/install/shop_customer/share/shop_customer/package.zsh'
[2.195s] Level 1:colcon.colcon_core.environment:create_file_with_runtime_dependencies(/home/kevin/ROS2_Homework/install/shop_customer/share/colcon-core/packages/shop_customer)
[2.196s] Level 1:colcon.colcon_core.environment:create_environment_scripts_only(shop_customer)
[2.197s] Level 1:colcon.colcon_core.environment:checking '/home/kevin/ROS2_Homework/install/shop_customer' for CMake module files
[2.198s] Level 1:colcon.colcon_core.environment:checking '/home/kevin/ROS2_Homework/install/shop_customer' for CMake config files
[2.198s] Level 1:colcon.colcon_core.shell:create_environment_hook('shop_customer', 'cmake_prefix_path')
[2.199s] INFO:colcon.colcon_core.shell:Creating environment hook '/home/kevin/ROS2_Homework/install/shop_customer/share/shop_customer/hook/cmake_prefix_path.ps1'
[2.201s] INFO:colcon.colcon_core.shell:Creating environment descriptor '/home/kevin/ROS2_Homework/install/shop_customer/share/shop_customer/hook/cmake_prefix_path.dsv'
[2.210s] INFO:colcon.colcon_core.shell:Creating environment hook '/home/kevin/ROS2_Homework/install/shop_customer/share/shop_customer/hook/cmake_prefix_path.sh'
[2.213s] Level 1:colcon.colcon_core.environment:checking '/home/kevin/ROS2_Homework/install/shop_customer/lib'
[2.213s] Level 1:colcon.colcon_core.environment:checking '/home/kevin/ROS2_Homework/install/shop_customer/bin'
[2.214s] Level 1:colcon.colcon_core.environment:checking '/home/kevin/ROS2_Homework/install/shop_customer/lib/pkgconfig/shop_customer.pc'
[2.215s] Level 1:colcon.colcon_core.environment:checking '/home/kevin/ROS2_Homework/install/shop_customer/lib/python3.8/site-packages'
[2.216s] Level 1:colcon.colcon_core.environment:checking '/home/kevin/ROS2_Homework/install/shop_customer/bin'
[2.216s] INFO:colcon.colcon_core.shell:Creating package script '/home/kevin/ROS2_Homework/install/shop_customer/share/shop_customer/package.ps1'
[2.218s] INFO:colcon.colcon_core.shell:Creating package descriptor '/home/kevin/ROS2_Homework/install/shop_customer/share/shop_customer/package.dsv'
[2.220s] INFO:colcon.colcon_core.shell:Creating package script '/home/kevin/ROS2_Homework/install/shop_customer/share/shop_customer/package.sh'
[2.221s] INFO:colcon.colcon_core.shell:Creating package script '/home/kevin/ROS2_Homework/install/shop_customer/share/shop_customer/package.bash'
[2.224s] INFO:colcon.colcon_core.shell:Creating package script '/home/kevin/ROS2_Homework/install/shop_customer/share/shop_customer/package.zsh'
[2.226s] Level 1:colcon.colcon_core.environment:create_file_with_runtime_dependencies(/home/kevin/ROS2_Homework/install/shop_customer/share/colcon-core/packages/shop_customer)
[2.227s] DEBUG:colcon.colcon_parallel_executor.executor.parallel:closing loop
[2.229s] DEBUG:colcon.colcon_parallel_executor.executor.parallel:loop closed
[2.229s] DEBUG:colcon.colcon_parallel_executor.executor.parallel:run_until_complete finished with '0'
[2.230s] DEBUG:colcon.colcon_core.event_reactor:joining thread
[2.244s] INFO:colcon.colcon_core.plugin_system:Skipping extension 'colcon_notification.desktop_notification.terminal_notifier': Not used on non-Darwin systems
[2.244s] INFO:colcon.colcon_core.plugin_system:Skipping extension 'colcon_notification.desktop_notification.win32': Not used on non-Windows systems
[2.244s] INFO:colcon.colcon_notification.desktop_notification:Sending desktop notification using 'notify2'
[2.277s] DEBUG:colcon.colcon_core.event_reactor:joined thread
[2.278s] INFO:colcon.colcon_core.shell:Creating prefix script '/home/kevin/ROS2_Homework/install/local_setup.ps1'
[2.281s] INFO:colcon.colcon_core.shell:Creating prefix util module '/home/kevin/ROS2_Homework/install/_local_setup_util_ps1.py'
[2.284s] INFO:colcon.colcon_core.shell:Creating prefix chain script '/home/kevin/ROS2_Homework/install/setup.ps1'
[2.287s] INFO:colcon.colcon_core.shell:Creating prefix script '/home/kevin/ROS2_Homework/install/local_setup.sh'
[2.289s] INFO:colcon.colcon_core.shell:Creating prefix util module '/home/kevin/ROS2_Homework/install/_local_setup_util_sh.py'
[2.290s] INFO:colcon.colcon_core.shell:Creating prefix chain script '/home/kevin/ROS2_Homework/install/setup.sh'
[2.293s] INFO:colcon.colcon_core.shell:Creating prefix script '/home/kevin/ROS2_Homework/install/local_setup.bash'
[2.294s] INFO:colcon.colcon_core.shell:Creating prefix chain script '/home/kevin/ROS2_Homework/install/setup.bash'
[2.296s] INFO:colcon.colcon_core.shell:Creating prefix script '/home/kevin/ROS2_Homework/install/local_setup.zsh'
[2.297s] INFO:colcon.colcon_core.shell:Creating prefix chain script '/home/kevin/ROS2_Homework/install/setup.zsh'
