[0.385s] DEBUG:colcon:Command line arguments: ['/usr/bin/colcon', 'build', '--packages-select', 'shop_customer']
[0.386s] DEBUG:colcon:Parsed command line arguments: Namespace(allow_overriding=[], ament_cmake_args=None, base_paths=['.'], build_base='build', catkin_cmake_args=None, catkin_skip_building_tests=False, cmake_args=None, cmake_clean_cache=False, cmake_clean_first=False, cmake_force_configure=False, cmake_target=None, cmake_target_skip_unavailable=False, continue_on_error=False, event_handlers=None, executor='parallel', ignore_user_meta=False, install_base='install', log_base=None, log_level=None, main=<bound method BuildVerb.main of <colcon_core.verb.build.BuildVerb object at 0x7fda341d0580>>, merge_install=False, metas=['./colcon.meta'], packages_above=None, packages_above_and_dependencies=None, packages_above_depth=None, packages_end=None, packages_ignore=None, packages_ignore_regex=None, packages_select=['shop_customer'], packages_select_build_failed=False, packages_select_by_dep=None, packages_select_regex=None, packages_select_test_failures=False, packages_skip=None, packages_skip_build_finished=False, packages_skip_by_dep=None, packages_skip_regex=None, packages_skip_test_passed=False, packages_skip_up_to=None, packages_start=None, packages_up_to=None, packages_up_to_regex=None, parallel_workers=4, paths=None, symlink_install=False, test_result_base=None, verb_extension=<colcon_core.verb.build.BuildVerb object at 0x7fda341d0580>, verb_name='build', verb_parser=<colcon_defaults.argument_parser.defaults.DefaultArgumentsDecorator object at 0x7fda341d0a60>)
[0.698s] Level 1:colcon.colcon_core.package_discovery:discover_packages(colcon_meta) check parameters
[0.698s] Level 1:colcon.colcon_core.package_discovery:discover_packages(recursive) check parameters
[0.698s] Level 1:colcon.colcon_core.package_discovery:discover_packages(ignore) check parameters
[0.698s] Level 1:colcon.colcon_core.package_discovery:discover_packages(path) check parameters
[0.698s] Level 1:colcon.colcon_core.package_discovery:discover_packages(colcon_meta) discover
[0.698s] Level 1:colcon.colcon_core.package_discovery:discover_packages(recursive) discover
[0.698s] INFO:colcon.colcon_core.package_discovery:Crawling recursively for packages in '/home/kevin/ROS2_Homework'
[0.699s] Level 1:colcon.colcon_core.package_identification:_identify(.) by extensions ['ignore', 'ignore_ament_install']
[0.699s] Level 1:colcon.colcon_core.package_identification:_identify(.) by extension 'ignore'
[0.699s] Level 1:colcon.colcon_core.package_identification:_identify(.) by extension 'ignore_ament_install'
[0.699s] Level 1:colcon.colcon_core.package_identification:_identify(.) by extensions ['colcon_pkg']
[0.699s] Level 1:colcon.colcon_core.package_identification:_identify(.) by extension 'colcon_pkg'
[0.699s] Level 1:colcon.colcon_core.package_identification:_identify(.) by extensions ['colcon_meta']
[0.699s] Level 1:colcon.colcon_core.package_identification:_identify(.) by extension 'colcon_meta'
[0.700s] Level 1:colcon.colcon_core.package_identification:_identify(.) by extensions ['ros']
[0.700s] Level 1:colcon.colcon_core.package_identification:_identify(.) by extension 'ros'
[0.730s] Level 1:colcon.colcon_core.package_identification:_identify(.) by extensions ['cmake', 'python']
[0.730s] Level 1:colcon.colcon_core.package_identification:_identify(.) by extension 'cmake'
[0.730s] Level 1:colcon.colcon_core.package_identification:_identify(.) by extension 'python'
[0.730s] Level 1:colcon.colcon_core.package_identification:_identify(.) by extensions ['python_setup_py']
[0.730s] Level 1:colcon.colcon_core.package_identification:_identify(.) by extension 'python_setup_py'
[0.730s] Level 1:colcon.colcon_core.package_identification:_identify(build) by extensions ['ignore', 'ignore_ament_install']
[0.731s] Level 1:colcon.colcon_core.package_identification:_identify(build) by extension 'ignore'
[0.731s] Level 1:colcon.colcon_core.package_identification:_identify(build) ignored
[0.731s] Level 1:colcon.colcon_core.package_identification:_identify(install) by extensions ['ignore', 'ignore_ament_install']
[0.731s] Level 1:colcon.colcon_core.package_identification:_identify(install) by extension 'ignore'
[0.732s] Level 1:colcon.colcon_core.package_identification:_identify(install) ignored
[0.732s] Level 1:colcon.colcon_core.package_identification:_identify(log) by extensions ['ignore', 'ignore_ament_install']
[0.732s] Level 1:colcon.colcon_core.package_identification:_identify(log) by extension 'ignore'
[0.732s] Level 1:colcon.colcon_core.package_identification:_identify(log) ignored
[0.732s] Level 1:colcon.colcon_core.package_identification:_identify(shop_customer) by extensions ['ignore', 'ignore_ament_install']
[0.732s] Level 1:colcon.colcon_core.package_identification:_identify(shop_customer) by extension 'ignore'
[0.732s] Level 1:colcon.colcon_core.package_identification:_identify(shop_customer) by extension 'ignore_ament_install'
[0.732s] Level 1:colcon.colcon_core.package_identification:_identify(shop_customer) by extensions ['colcon_pkg']
[0.732s] Level 1:colcon.colcon_core.package_identification:_identify(shop_customer) by extension 'colcon_pkg'
[0.732s] Level 1:colcon.colcon_core.package_identification:_identify(shop_customer) by extensions ['colcon_meta']
[0.732s] Level 1:colcon.colcon_core.package_identification:_identify(shop_customer) by extension 'colcon_meta'
[0.732s] Level 1:colcon.colcon_core.package_identification:_identify(shop_customer) by extensions ['ros']
[0.732s] Level 1:colcon.colcon_core.package_identification:_identify(shop_customer) by extension 'ros'
[0.737s] DEBUG:colcon.colcon_core.package_identification:Package 'shop_customer' with type 'ros.ament_cmake' and name 'shop_customer'
[0.737s] Level 1:colcon.colcon_core.package_discovery:discover_packages(recursive) using defaults
[0.737s] Level 1:colcon.colcon_core.package_discovery:discover_packages(ignore) discover
[0.737s] Level 1:colcon.colcon_core.package_discovery:discover_packages(ignore) using defaults
[0.737s] Level 1:colcon.colcon_core.package_discovery:discover_packages(path) discover
[0.737s] Level 1:colcon.colcon_core.package_discovery:discover_packages(path) using defaults
[0.769s] Level 1:colcon.colcon_core.package_discovery:discover_packages(prefix_path) check parameters
[0.769s] Level 1:colcon.colcon_core.package_discovery:discover_packages(prefix_path) discover
[0.774s] DEBUG:colcon.colcon_installed_package_information.package_discovery:Found 268 installed packages in /opt/ros/galactic
[0.778s] Level 1:colcon.colcon_core.package_discovery:discover_packages(prefix_path) using defaults
[0.918s] Level 5:colcon.colcon_core.verb:set package 'shop_customer' build argument 'cmake_args' from command line to 'None'
[0.918s] Level 5:colcon.colcon_core.verb:set package 'shop_customer' build argument 'cmake_target' from command line to 'None'
[0.918s] Level 5:colcon.colcon_core.verb:set package 'shop_customer' build argument 'cmake_target_skip_unavailable' from command line to 'False'
[0.918s] Level 5:colcon.colcon_core.verb:set package 'shop_customer' build argument 'cmake_clean_cache' from command line to 'False'
[0.918s] Level 5:colcon.colcon_core.verb:set package 'shop_customer' build argument 'cmake_clean_first' from command line to 'False'
[0.918s] Level 5:colcon.colcon_core.verb:set package 'shop_customer' build argument 'cmake_force_configure' from command line to 'False'
[0.918s] Level 5:colcon.colcon_core.verb:set package 'shop_customer' build argument 'ament_cmake_args' from command line to 'None'
[0.918s] Level 5:colcon.colcon_core.verb:set package 'shop_customer' build argument 'catkin_cmake_args' from command line to 'None'
[0.918s] Level 5:colcon.colcon_core.verb:set package 'shop_customer' build argument 'catkin_skip_building_tests' from command line to 'False'
[0.919s] DEBUG:colcon.colcon_core.verb:Building package 'shop_customer' with the following arguments: {'ament_cmake_args': None, 'build_base': '/home/kevin/ROS2_Homework/build/shop_customer', 'catkin_cmake_args': None, 'catkin_skip_building_tests': False, 'cmake_args': None, 'cmake_clean_cache': False, 'cmake_clean_first': False, 'cmake_force_configure': False, 'cmake_target': None, 'cmake_target_skip_unavailable': False, 'install_base': '/home/kevin/ROS2_Homework/install/shop_customer', 'merge_install': False, 'path': '/home/kevin/ROS2_Homework/shop_customer', 'symlink_install': False, 'test_result_base': None}
[0.919s] INFO:colcon.colcon_core.executor:Executing jobs using 'parallel' executor
[0.922s] DEBUG:colcon.colcon_parallel_executor.executor.parallel:run_until_complete
[0.925s] INFO:colcon.colcon_ros.task.ament_cmake.build:Building ROS package in '/home/kevin/ROS2_Homework/shop_customer' with build type 'ament_cmake'
[0.926s] INFO:colcon.colcon_cmake.task.cmake.build:Building CMake package in '/home/kevin/ROS2_Homework/shop_customer'
[0.929s] INFO:colcon.colcon_core.plugin_system:Skipping extension 'colcon_core.shell.bat': Not used on non-Windows systems
[0.929s] INFO:colcon.colcon_core.shell:Skip shell extension 'powershell' for command environment: Not usable outside of PowerShell
[0.930s] DEBUG:colcon.colcon_core.shell:Skip shell extension 'dsv' for command environment
[0.965s] DEBUG:colcon.colcon_core.event_handler.log_command:Invoking command in '/home/kevin/ROS2_Homework/build/shop_customer': CMAKE_PREFIX_PATH=/opt/ros/galactic /usr/bin/cmake --build /home/kevin/ROS2_Homework/build/shop_customer -- -j4 -l4
[16.957s] DEBUG:colcon.colcon_core.event_handler.log_command:Invoked command in '/home/kevin/ROS2_Homework/build/shop_customer' returned '0': CMAKE_PREFIX_PATH=/opt/ros/galactic /usr/bin/cmake --build /home/kevin/ROS2_Homework/build/shop_customer -- -j4 -l4
[16.978s] DEBUG:colcon.colcon_core.event_handler.log_command:Invoking command in '/home/kevin/ROS2_Homework/build/shop_customer': CMAKE_PREFIX_PATH=/opt/ros/galactic /usr/bin/cmake --install /home/kevin/ROS2_Homework/build/shop_customer
[17.012s] Level 1:colcon.colcon_core.environment:create_environment_scripts_only(shop_customer)
[17.013s] DEBUG:colcon.colcon_core.event_handler.log_command:Invoked command in '/home/kevin/ROS2_Homework/build/shop_customer' returned '0': CMAKE_PREFIX_PATH=/opt/ros/galactic /usr/bin/cmake --install /home/kevin/ROS2_Homework/build/shop_customer
[17.031s] Level 1:colcon.colcon_core.environment:checking '/home/kevin/ROS2_Homework/install/shop_customer' for CMake module files
[17.032s] Level 1:colcon.colcon_core.environment:checking '/home/kevin/ROS2_Homework/install/shop_customer' for CMake config files
[17.032s] Level 1:colcon.colcon_core.shell:create_environment_hook('shop_customer', 'cmake_prefix_path')
[17.032s] INFO:colcon.colcon_core.shell:Creating environment hook '/home/kevin/ROS2_Homework/install/shop_customer/share/shop_customer/hook/cmake_prefix_path.ps1'
[17.034s] INFO:colcon.colcon_core.shell:Creating environment descriptor '/home/kevin/ROS2_Homework/install/shop_customer/share/shop_customer/hook/cmake_prefix_path.dsv'
[17.036s] INFO:colcon.colcon_core.shell:Creating environment hook '/home/kevin/ROS2_Homework/install/shop_customer/share/shop_customer/hook/cmake_prefix_path.sh'
[17.039s] Level 1:colcon.colcon_core.environment:checking '/home/kevin/ROS2_Homework/install/shop_customer/lib'
[17.040s] Level 1:colcon.colcon_core.environment:checking '/home/kevin/ROS2_Homework/install/shop_customer/bin'
[17.040s] Level 1:colcon.colcon_core.environment:checking '/home/kevin/ROS2_Homework/install/shop_customer/lib/pkgconfig/shop_customer.pc'
[17.040s] Level 1:colcon.colcon_core.environment:checking '/home/kevin/ROS2_Homework/install/shop_customer/lib/python3.8/site-packages'
[17.040s] Level 1:colcon.colcon_core.environment:checking '/home/kevin/ROS2_Homework/install/shop_customer/bin'
[17.041s] INFO:colcon.colcon_core.shell:Creating package script '/home/kevin/ROS2_Homework/install/shop_customer/share/shop_customer/package.ps1'
[17.044s] INFO:colcon.colcon_core.shell:Creating package descriptor '/home/kevin/ROS2_Homework/install/shop_customer/share/shop_customer/package.dsv'
[17.045s] INFO:colcon.colcon_core.shell:Creating package script '/home/kevin/ROS2_Homework/install/shop_customer/share/shop_customer/package.sh'
[17.047s] INFO:colcon.colcon_core.shell:Creating package script '/home/kevin/ROS2_Homework/install/shop_customer/share/shop_customer/package.bash'
[17.049s] INFO:colcon.colcon_core.shell:Creating package script '/home/kevin/ROS2_Homework/install/shop_customer/share/shop_customer/package.zsh'
[17.052s] Level 1:colcon.colcon_core.environment:create_file_with_runtime_dependencies(/home/kevin/ROS2_Homework/install/shop_customer/share/colcon-core/packages/shop_customer)
[17.053s] Level 1:colcon.colcon_core.environment:create_environment_scripts_only(shop_customer)
[17.053s] Level 1:colcon.colcon_core.environment:checking '/home/kevin/ROS2_Homework/install/shop_customer' for CMake module files
[17.054s] Level 1:colcon.colcon_core.environment:checking '/home/kevin/ROS2_Homework/install/shop_customer' for CMake config files
[17.054s] Level 1:colcon.colcon_core.shell:create_environment_hook('shop_customer', 'cmake_prefix_path')
[17.054s] INFO:colcon.colcon_core.shell:Creating environment hook '/home/kevin/ROS2_Homework/install/shop_customer/share/shop_customer/hook/cmake_prefix_path.ps1'
[17.055s] INFO:colcon.colcon_core.shell:Creating environment descriptor '/home/kevin/ROS2_Homework/install/shop_customer/share/shop_customer/hook/cmake_prefix_path.dsv'
[17.056s] INFO:colcon.colcon_core.shell:Creating environment hook '/home/kevin/ROS2_Homework/install/shop_customer/share/shop_customer/hook/cmake_prefix_path.sh'
[17.057s] Level 1:colcon.colcon_core.environment:checking '/home/kevin/ROS2_Homework/install/shop_customer/lib'
[17.058s] Level 1:colcon.colcon_core.environment:checking '/home/kevin/ROS2_Homework/install/shop_customer/bin'
[17.058s] Level 1:colcon.colcon_core.environment:checking '/home/kevin/ROS2_Homework/install/shop_customer/lib/pkgconfig/shop_customer.pc'
[17.058s] Level 1:colcon.colcon_core.environment:checking '/home/kevin/ROS2_Homework/install/shop_customer/lib/python3.8/site-packages'
[17.058s] Level 1:colcon.colcon_core.environment:checking '/home/kevin/ROS2_Homework/install/shop_customer/bin'
[17.059s] INFO:colcon.colcon_core.shell:Creating package script '/home/kevin/ROS2_Homework/install/shop_customer/share/shop_customer/package.ps1'
[17.060s] INFO:colcon.colcon_core.shell:Creating package descriptor '/home/kevin/ROS2_Homework/install/shop_customer/share/shop_customer/package.dsv'
[17.061s] INFO:colcon.colcon_core.shell:Creating package script '/home/kevin/ROS2_Homework/install/shop_customer/share/shop_customer/package.sh'
[17.061s] INFO:colcon.colcon_core.shell:Creating package script '/home/kevin/ROS2_Homework/install/shop_customer/share/shop_customer/package.bash'
[17.062s] INFO:colcon.colcon_core.shell:Creating package script '/home/kevin/ROS2_Homework/install/shop_customer/share/shop_customer/package.zsh'
[17.063s] Level 1:colcon.colcon_core.environment:create_file_with_runtime_dependencies(/home/kevin/ROS2_Homework/install/shop_customer/share/colcon-core/packages/shop_customer)
[17.063s] DEBUG:colcon.colcon_parallel_executor.executor.parallel:closing loop
[17.064s] DEBUG:colcon.colcon_parallel_executor.executor.parallel:loop closed
[17.064s] DEBUG:colcon.colcon_parallel_executor.executor.parallel:run_until_complete finished with '0'
[17.064s] DEBUG:colcon.colcon_core.event_reactor:joining thread
[17.097s] INFO:colcon.colcon_core.plugin_system:Skipping extension 'colcon_notification.desktop_notification.terminal_notifier': Not used on non-Darwin systems
[17.098s] INFO:colcon.colcon_core.plugin_system:Skipping extension 'colcon_notification.desktop_notification.win32': Not used on non-Windows systems
[17.098s] INFO:colcon.colcon_notification.desktop_notification:Sending desktop notification using 'notify2'
[17.322s] DEBUG:colcon.colcon_core.event_reactor:joined thread
[17.323s] INFO:colcon.colcon_core.shell:Creating prefix script '/home/kevin/ROS2_Homework/install/local_setup.ps1'
[17.326s] INFO:colcon.colcon_core.shell:Creating prefix util module '/home/kevin/ROS2_Homework/install/_local_setup_util_ps1.py'
[17.330s] INFO:colcon.colcon_core.shell:Creating prefix chain script '/home/kevin/ROS2_Homework/install/setup.ps1'
[17.334s] INFO:colcon.colcon_core.shell:Creating prefix script '/home/kevin/ROS2_Homework/install/local_setup.sh'
[17.336s] INFO:colcon.colcon_core.shell:Creating prefix util module '/home/kevin/ROS2_Homework/install/_local_setup_util_sh.py'
[17.338s] INFO:colcon.colcon_core.shell:Creating prefix chain script '/home/kevin/ROS2_Homework/install/setup.sh'
[17.341s] INFO:colcon.colcon_core.shell:Creating prefix script '/home/kevin/ROS2_Homework/install/local_setup.bash'
[17.344s] INFO:colcon.colcon_core.shell:Creating prefix chain script '/home/kevin/ROS2_Homework/install/setup.bash'
[17.346s] INFO:colcon.colcon_core.shell:Creating prefix script '/home/kevin/ROS2_Homework/install/local_setup.zsh'
[17.349s] INFO:colcon.colcon_core.shell:Creating prefix chain script '/home/kevin/ROS2_Homework/install/setup.zsh'
