[0.044s] Invoking command in '/home/kevin/ROS2_Homework/build/shop_customer': CMAKE_PREFIX_PATH=/opt/ros/galactic /usr/bin/cmake /home/kevin/ROS2_Homework/shop_customer -DCMAKE_INSTALL_PREFIX=/home/kevin/ROS2_Homework/install/shop_customer
[0.633s] -- The C compiler identification is GNU 9.4.0
[1.051s] -- The CXX compiler identification is GNU 9.4.0
[1.099s] -- Check for working C compiler: /usr/bin/cc
[1.236s] -- Check for working C compiler: /usr/bin/cc -- works
[1.241s] -- Detecting C compiler ABI info
[1.371s] -- Detecting C compiler ABI info - done
[1.390s] -- Detecting C compile features
[1.391s] -- Detecting C compile features - done
[1.402s] -- Check for working CXX compiler: /usr/bin/c++
[1.566s] -- Check for working CXX compiler: /usr/bin/c++ -- works
[1.569s] -- Detecting CXX compiler ABI info
[1.740s] -- Detecting CXX compiler ABI info - done
[1.769s] -- Detecting CXX compile features
[1.771s] -- Detecting CXX compile features - done
[1.807s] -- Found ament_cmake: 1.1.6 (/opt/ros/galactic/share/ament_cmake/cmake)
[1.933s] -- Found PythonInterp: /usr/bin/python3 (found suitable version "3.8.10", minimum required is "3") 
[1.934s] -- Using PYTHON_EXECUTABLE: /usr/bin/python3
[2.207s] -- Found rclcpp: 9.2.2 (/opt/ros/galactic/share/rclcpp/cmake)
[2.405s] -- Using all available rosidl_typesupport_c: rosidl_typesupport_fastrtps_c;rosidl_typesupport_introspection_c
[2.434s] -- Found rosidl_adapter: 2.2.3 (/opt/ros/galactic/share/rosidl_adapter/cmake)
[2.683s] -- Found OpenSSL: /usr/lib/x86_64-linux-gnu/libcrypto.so (found version "1.1.1f")  
[2.736s] -- Found FastRTPS: /opt/ros/galactic/include  
[2.946s] -- Using all available rosidl_typesupport_cpp: rosidl_typesupport_fastrtps_cpp;rosidl_typesupport_introspection_cpp
[3.151s] -- Found rmw_implementation_cmake: 3.3.1 (/opt/ros/galactic/share/rmw_implementation_cmake/cmake)
[3.165s] -- Found rmw_cyclonedds_cpp: 0.22.6 (/opt/ros/galactic/share/rmw_cyclonedds_cpp/cmake)
[3.232s] -- Using RMW implementation 'rmw_cyclonedds_cpp' as default
[3.241s] -- Looking for pthread.h
[3.449s] -- Looking for pthread.h - found
[3.449s] -- Performing Test CMAKE_HAVE_LIBC_PTHREAD
[3.599s] -- Performing Test CMAKE_HAVE_LIBC_PTHREAD - Failed
[3.599s] -- Looking for pthread_create in pthreads
[3.727s] -- Looking for pthread_create in pthreads - not found
[3.728s] -- Looking for pthread_create in pthread
[3.869s] -- Looking for pthread_create in pthread - found
[3.871s] -- Found Threads: TRUE  
[4.260s] -- Found ament_lint_auto: 0.10.7 (/opt/ros/galactic/share/ament_lint_auto/cmake)
[4.475s] -- Added test 'cppcheck' to perform static code analysis on C / C++ code
[4.476s] -- Configured cppcheck include dirs: 
[4.476s] -- Configured cppcheck exclude dirs and/or files: 
[4.477s] -- Added test 'flake8' to check Python code syntax and style conventions
[4.480s] -- Added test 'lint_cmake' to check CMake code style
[4.483s] -- Added test 'pep257' to check Python code against some of the style conventions in PEP 257
[4.486s] -- Added test 'uncrustify' to check C / C++ code style
[4.486s] -- Configured uncrustify additional arguments: 
[4.489s] -- Added test 'xmllint' to check XML markup files
[4.497s] -- Configuring done
[4.514s] -- Generating done
[4.524s] -- Build files have been written to: /home/kevin/ROS2_Homework/build/shop_customer
[4.539s] Invoked command in '/home/kevin/ROS2_Homework/build/shop_customer' returned '0': CMAKE_PREFIX_PATH=/opt/ros/galactic /usr/bin/cmake /home/kevin/ROS2_Homework/shop_customer -DCMAKE_INSTALL_PREFIX=/home/kevin/ROS2_Homework/install/shop_customer
[4.546s] Invoking command in '/home/kevin/ROS2_Homework/build/shop_customer': CMAKE_PREFIX_PATH=/opt/ros/galactic /usr/bin/cmake --build /home/kevin/ROS2_Homework/build/shop_customer -- -j4 -l4
[4.627s] [35m[1mScanning dependencies of target customer[0m
[4.628s] [35m[1mScanning dependencies of target shop[0m
[5.103s] [ 50%] [32mBuilding CXX object CMakeFiles/customer.dir/src/node/customer.cpp.o[0m
[5.103s] [ 50%] [32mBuilding CXX object CMakeFiles/shop.dir/src/node/shop.cpp.o[0m
[24.604s] [ 75%] [32m[1mLinking CXX executable shop[0m
[25.075s] [100%] [32m[1mLinking CXX executable customer[0m
[25.345s] [100%] Built target shop
[25.633s] [100%] Built target customer
[25.652s] Invoked command in '/home/kevin/ROS2_Homework/build/shop_customer' returned '0': CMAKE_PREFIX_PATH=/opt/ros/galactic /usr/bin/cmake --build /home/kevin/ROS2_Homework/build/shop_customer -- -j4 -l4
[25.670s] Invoking command in '/home/kevin/ROS2_Homework/build/shop_customer': CMAKE_PREFIX_PATH=/opt/ros/galactic /usr/bin/cmake --install /home/kevin/ROS2_Homework/build/shop_customer
[25.685s] -- Install configuration: ""
[25.686s] -- Installing: /home/kevin/ROS2_Homework/install/shop_customer/lib/shop_customer/shop
[25.688s] -- Set runtime path of "/home/kevin/ROS2_Homework/install/shop_customer/lib/shop_customer/shop" to ""
[25.689s] -- Installing: /home/kevin/ROS2_Homework/install/shop_customer/lib/shop_customer/customer
[25.693s] -- Set runtime path of "/home/kevin/ROS2_Homework/install/shop_customer/lib/shop_customer/customer" to ""
[25.694s] -- Installing: /home/kevin/ROS2_Homework/install/shop_customer/share/ament_index/resource_index/package_run_dependencies/shop_customer
[25.694s] -- Installing: /home/kevin/ROS2_Homework/install/shop_customer/share/ament_index/resource_index/parent_prefix_path/shop_customer
[25.694s] -- Installing: /home/kevin/ROS2_Homework/install/shop_customer/share/shop_customer/environment/ament_prefix_path.sh
[25.694s] -- Installing: /home/kevin/ROS2_Homework/install/shop_customer/share/shop_customer/environment/ament_prefix_path.dsv
[25.695s] -- Installing: /home/kevin/ROS2_Homework/install/shop_customer/share/shop_customer/environment/path.sh
[25.695s] -- Installing: /home/kevin/ROS2_Homework/install/shop_customer/share/shop_customer/environment/path.dsv
[25.696s] -- Installing: /home/kevin/ROS2_Homework/install/shop_customer/share/shop_customer/local_setup.bash
[25.696s] -- Installing: /home/kevin/ROS2_Homework/install/shop_customer/share/shop_customer/local_setup.sh
[25.696s] -- Installing: /home/kevin/ROS2_Homework/install/shop_customer/share/shop_customer/local_setup.zsh
[25.696s] -- Installing: /home/kevin/ROS2_Homework/install/shop_customer/share/shop_customer/local_setup.dsv
[25.697s] -- Installing: /home/kevin/ROS2_Homework/install/shop_customer/share/shop_customer/package.dsv
[25.697s] -- Installing: /home/kevin/ROS2_Homework/install/shop_customer/share/ament_index/resource_index/packages/shop_customer
[25.697s] -- Installing: /home/kevin/ROS2_Homework/install/shop_customer/share/shop_customer/cmake/shop_customerConfig.cmake
[25.698s] -- Installing: /home/kevin/ROS2_Homework/install/shop_customer/share/shop_customer/cmake/shop_customerConfig-version.cmake
[25.698s] -- Installing: /home/kevin/ROS2_Homework/install/shop_customer/share/shop_customer/package.xml
[25.702s] Invoked command in '/home/kevin/ROS2_Homework/build/shop_customer' returned '0': CMAKE_PREFIX_PATH=/opt/ros/galactic /usr/bin/cmake --install /home/kevin/ROS2_Homework/build/shop_customer
