[1.527s] DEBUG:colcon:Command line arguments: ['/usr/bin/colcon', 'build', '--packages-select', 'shop_customer']
[1.527s] DEBUG:colcon:Parsed command line arguments: Namespace(allow_overriding=[], ament_cmake_args=None, base_paths=['.'], build_base='build', catkin_cmake_args=None, catkin_skip_building_tests=False, cmake_args=None, cmake_clean_cache=False, cmake_clean_first=False, cmake_force_configure=False, cmake_target=None, cmake_target_skip_unavailable=False, continue_on_error=False, event_handlers=None, executor='parallel', ignore_user_meta=False, install_base='install', log_base=None, log_level=None, main=<bound method BuildVerb.main of <colcon_core.verb.build.BuildVerb object at 0x7f7927663640>>, merge_install=False, metas=['./colcon.meta'], packages_above=None, packages_above_and_dependencies=None, packages_above_depth=None, packages_end=None, packages_ignore=None, packages_ignore_regex=None, packages_select=['shop_customer'], packages_select_build_failed=False, packages_select_by_dep=None, packages_select_regex=None, packages_select_test_failures=False, packages_skip=None, packages_skip_build_finished=False, packages_skip_by_dep=None, packages_skip_regex=None, packages_skip_test_passed=False, packages_skip_up_to=None, packages_start=None, packages_up_to=None, packages_up_to_regex=None, parallel_workers=4, paths=None, symlink_install=False, test_result_base=None, verb_extension=<colcon_core.verb.build.BuildVerb object at 0x7f7927663640>, verb_name='build', verb_parser=<colcon_defaults.argument_parser.defaults.DefaultArgumentsDecorator object at 0x7f7927663b20>)
[1.976s] Level 1:colcon.colcon_core.package_discovery:discover_packages(colcon_meta) check parameters
[1.976s] Level 1:colcon.colcon_core.package_discovery:discover_packages(recursive) check parameters
[1.976s] Level 1:colcon.colcon_core.package_discovery:discover_packages(ignore) check parameters
[1.976s] Level 1:colcon.colcon_core.package_discovery:discover_packages(path) check parameters
[1.976s] Level 1:colcon.colcon_core.package_discovery:discover_packages(colcon_meta) discover
[1.976s] Level 1:colcon.colcon_core.package_discovery:discover_packages(recursive) discover
[1.976s] INFO:colcon.colcon_core.package_discovery:Crawling recursively for packages in '/home/kevin/ROS2_Homework'
[1.977s] Level 1:colcon.colcon_core.package_identification:_identify(.) by extensions ['ignore', 'ignore_ament_install']
[1.977s] Level 1:colcon.colcon_core.package_identification:_identify(.) by extension 'ignore'
[1.977s] Level 1:colcon.colcon_core.package_identification:_identify(.) by extension 'ignore_ament_install'
[1.977s] Level 1:colcon.colcon_core.package_identification:_identify(.) by extensions ['colcon_pkg']
[1.977s] Level 1:colcon.colcon_core.package_identification:_identify(.) by extension 'colcon_pkg'
[1.977s] Level 1:colcon.colcon_core.package_identification:_identify(.) by extensions ['colcon_meta']
[1.977s] Level 1:colcon.colcon_core.package_identification:_identify(.) by extension 'colcon_meta'
[1.977s] Level 1:colcon.colcon_core.package_identification:_identify(.) by extensions ['ros']
[1.977s] Level 1:colcon.colcon_core.package_identification:_identify(.) by extension 'ros'
[2.010s] Level 1:colcon.colcon_core.package_identification:_identify(.) by extensions ['cmake', 'python']
[2.011s] Level 1:colcon.colcon_core.package_identification:_identify(.) by extension 'cmake'
[2.011s] Level 1:colcon.colcon_core.package_identification:_identify(.) by extension 'python'
[2.011s] Level 1:colcon.colcon_core.package_identification:_identify(.) by extensions ['python_setup_py']
[2.011s] Level 1:colcon.colcon_core.package_identification:_identify(.) by extension 'python_setup_py'
[2.011s] Level 1:colcon.colcon_core.package_identification:_identify(build) by extensions ['ignore', 'ignore_ament_install']
[2.011s] Level 1:colcon.colcon_core.package_identification:_identify(build) by extension 'ignore'
[2.011s] Level 1:colcon.colcon_core.package_identification:_identify(build) ignored
[2.011s] Level 1:colcon.colcon_core.package_identification:_identify(install) by extensions ['ignore', 'ignore_ament_install']
[2.012s] Level 1:colcon.colcon_core.package_identification:_identify(install) by extension 'ignore'
[2.012s] Level 1:colcon.colcon_core.package_identification:_identify(install) ignored
[2.012s] Level 1:colcon.colcon_core.package_identification:_identify(log) by extensions ['ignore', 'ignore_ament_install']
[2.012s] Level 1:colcon.colcon_core.package_identification:_identify(log) by extension 'ignore'
[2.012s] Level 1:colcon.colcon_core.package_identification:_identify(log) ignored
[2.012s] Level 1:colcon.colcon_core.package_identification:_identify(shop_customer) by extensions ['ignore', 'ignore_ament_install']
[2.012s] Level 1:colcon.colcon_core.package_identification:_identify(shop_customer) by extension 'ignore'
[2.012s] Level 1:colcon.colcon_core.package_identification:_identify(shop_customer) by extension 'ignore_ament_install'
[2.013s] Level 1:colcon.colcon_core.package_identification:_identify(shop_customer) by extensions ['colcon_pkg']
[2.013s] Level 1:colcon.colcon_core.package_identification:_identify(shop_customer) by extension 'colcon_pkg'
[2.013s] Level 1:colcon.colcon_core.package_identification:_identify(shop_customer) by extensions ['colcon_meta']
[2.013s] Level 1:colcon.colcon_core.package_identification:_identify(shop_customer) by extension 'colcon_meta'
[2.013s] Level 1:colcon.colcon_core.package_identification:_identify(shop_customer) by extensions ['ros']
[2.013s] Level 1:colcon.colcon_core.package_identification:_identify(shop_customer) by extension 'ros'
[2.021s] DEBUG:colcon.colcon_core.package_identification:Package 'shop_customer' with type 'ros.ament_cmake' and name 'shop_customer'
[2.021s] Level 1:colcon.colcon_core.package_discovery:discover_packages(recursive) using defaults
[2.021s] Level 1:colcon.colcon_core.package_discovery:discover_packages(ignore) discover
[2.021s] Level 1:colcon.colcon_core.package_discovery:discover_packages(ignore) using defaults
[2.021s] Level 1:colcon.colcon_core.package_discovery:discover_packages(path) discover
[2.021s] Level 1:colcon.colcon_core.package_discovery:discover_packages(path) using defaults
[2.080s] Level 1:colcon.colcon_core.package_discovery:discover_packages(prefix_path) check parameters
[2.080s] Level 1:colcon.colcon_core.package_discovery:discover_packages(prefix_path) discover
[2.091s] DEBUG:colcon.colcon_installed_package_information.package_discovery:Found 268 installed packages in /opt/ros/galactic
[2.096s] Level 1:colcon.colcon_core.package_discovery:discover_packages(prefix_path) using defaults
[2.358s] Level 5:colcon.colcon_core.verb:set package 'shop_customer' build argument 'cmake_args' from command line to 'None'
[2.358s] Level 5:colcon.colcon_core.verb:set package 'shop_customer' build argument 'cmake_target' from command line to 'None'
[2.358s] Level 5:colcon.colcon_core.verb:set package 'shop_customer' build argument 'cmake_target_skip_unavailable' from command line to 'False'
[2.358s] Level 5:colcon.colcon_core.verb:set package 'shop_customer' build argument 'cmake_clean_cache' from command line to 'False'
[2.358s] Level 5:colcon.colcon_core.verb:set package 'shop_customer' build argument 'cmake_clean_first' from command line to 'False'
[2.358s] Level 5:colcon.colcon_core.verb:set package 'shop_customer' build argument 'cmake_force_configure' from command line to 'False'
[2.358s] Level 5:colcon.colcon_core.verb:set package 'shop_customer' build argument 'ament_cmake_args' from command line to 'None'
[2.358s] Level 5:colcon.colcon_core.verb:set package 'shop_customer' build argument 'catkin_cmake_args' from command line to 'None'
[2.358s] Level 5:colcon.colcon_core.verb:set package 'shop_customer' build argument 'catkin_skip_building_tests' from command line to 'False'
[2.359s] DEBUG:colcon.colcon_core.verb:Building package 'shop_customer' with the following arguments: {'ament_cmake_args': None, 'build_base': '/home/kevin/ROS2_Homework/build/shop_customer', 'catkin_cmake_args': None, 'catkin_skip_building_tests': False, 'cmake_args': None, 'cmake_clean_cache': False, 'cmake_clean_first': False, 'cmake_force_configure': False, 'cmake_target': None, 'cmake_target_skip_unavailable': False, 'install_base': '/home/kevin/ROS2_Homework/install/shop_customer', 'merge_install': False, 'path': '/home/kevin/ROS2_Homework/shop_customer', 'symlink_install': False, 'test_result_base': None}
[2.359s] INFO:colcon.colcon_core.executor:Executing jobs using 'parallel' executor
[2.361s] DEBUG:colcon.colcon_parallel_executor.executor.parallel:run_until_complete
[2.362s] INFO:colcon.colcon_ros.task.ament_cmake.build:Building ROS package in '/home/kevin/ROS2_Homework/shop_customer' with build type 'ament_cmake'
[2.363s] INFO:colcon.colcon_cmake.task.cmake.build:Building CMake package in '/home/kevin/ROS2_Homework/shop_customer'
[2.386s] INFO:colcon.colcon_core.plugin_system:Skipping extension 'colcon_core.shell.bat': Not used on non-Windows systems
[2.386s] INFO:colcon.colcon_core.shell:Skip shell extension 'powershell' for command environment: Not usable outside of PowerShell
[2.387s] DEBUG:colcon.colcon_core.shell:Skip shell extension 'dsv' for command environment
[2.408s] DEBUG:colcon.colcon_core.event_handler.log_command:Invoking command in '/home/kevin/ROS2_Homework/build/shop_customer': CMAKE_PREFIX_PATH=/opt/ros/galactic /usr/bin/cmake /home/kevin/ROS2_Homework/shop_customer -DCMAKE_INSTALL_PREFIX=/home/kevin/ROS2_Homework/install/shop_customer
[6.903s] DEBUG:colcon.colcon_core.event_handler.log_command:Invoked command in '/home/kevin/ROS2_Homework/build/shop_customer' returned '0': CMAKE_PREFIX_PATH=/opt/ros/galactic /usr/bin/cmake /home/kevin/ROS2_Homework/shop_customer -DCMAKE_INSTALL_PREFIX=/home/kevin/ROS2_Homework/install/shop_customer
[6.910s] DEBUG:colcon.colcon_core.event_handler.log_command:Invoking command in '/home/kevin/ROS2_Homework/build/shop_customer': CMAKE_PREFIX_PATH=/opt/ros/galactic /usr/bin/cmake --build /home/kevin/ROS2_Homework/build/shop_customer -- -j4 -l4
[28.019s] DEBUG:colcon.colcon_core.event_handler.log_command:Invoked command in '/home/kevin/ROS2_Homework/build/shop_customer' returned '0': CMAKE_PREFIX_PATH=/opt/ros/galactic /usr/bin/cmake --build /home/kevin/ROS2_Homework/build/shop_customer -- -j4 -l4
[28.035s] DEBUG:colcon.colcon_core.event_handler.log_command:Invoking command in '/home/kevin/ROS2_Homework/build/shop_customer': CMAKE_PREFIX_PATH=/opt/ros/galactic /usr/bin/cmake --install /home/kevin/ROS2_Homework/build/shop_customer
[28.065s] Level 1:colcon.colcon_core.environment:create_environment_scripts_only(shop_customer)
[28.066s] DEBUG:colcon.colcon_core.event_handler.log_command:Invoked command in '/home/kevin/ROS2_Homework/build/shop_customer' returned '0': CMAKE_PREFIX_PATH=/opt/ros/galactic /usr/bin/cmake --install /home/kevin/ROS2_Homework/build/shop_customer
[28.089s] Level 1:colcon.colcon_core.environment:checking '/home/kevin/ROS2_Homework/install/shop_customer' for CMake module files
[28.090s] Level 1:colcon.colcon_core.environment:checking '/home/kevin/ROS2_Homework/install/shop_customer' for CMake config files
[28.090s] Level 1:colcon.colcon_core.shell:create_environment_hook('shop_customer', 'cmake_prefix_path')
[28.090s] INFO:colcon.colcon_core.shell:Creating environment hook '/home/kevin/ROS2_Homework/install/shop_customer/share/shop_customer/hook/cmake_prefix_path.ps1'
[28.094s] INFO:colcon.colcon_core.shell:Creating environment descriptor '/home/kevin/ROS2_Homework/install/shop_customer/share/shop_customer/hook/cmake_prefix_path.dsv'
[28.096s] INFO:colcon.colcon_core.shell:Creating environment hook '/home/kevin/ROS2_Homework/install/shop_customer/share/shop_customer/hook/cmake_prefix_path.sh'
[28.099s] Level 1:colcon.colcon_core.environment:checking '/home/kevin/ROS2_Homework/install/shop_customer/lib'
[28.099s] Level 1:colcon.colcon_core.environment:checking '/home/kevin/ROS2_Homework/install/shop_customer/bin'
[28.099s] Level 1:colcon.colcon_core.environment:checking '/home/kevin/ROS2_Homework/install/shop_customer/lib/pkgconfig/shop_customer.pc'
[28.099s] Level 1:colcon.colcon_core.environment:checking '/home/kevin/ROS2_Homework/install/shop_customer/lib/python3.8/site-packages'
[28.099s] Level 1:colcon.colcon_core.environment:checking '/home/kevin/ROS2_Homework/install/shop_customer/bin'
[28.100s] INFO:colcon.colcon_core.shell:Creating package script '/home/kevin/ROS2_Homework/install/shop_customer/share/shop_customer/package.ps1'
[28.102s] INFO:colcon.colcon_core.shell:Creating package descriptor '/home/kevin/ROS2_Homework/install/shop_customer/share/shop_customer/package.dsv'
[28.104s] INFO:colcon.colcon_core.shell:Creating package script '/home/kevin/ROS2_Homework/install/shop_customer/share/shop_customer/package.sh'
[28.107s] INFO:colcon.colcon_core.shell:Creating package script '/home/kevin/ROS2_Homework/install/shop_customer/share/shop_customer/package.bash'
[28.110s] INFO:colcon.colcon_core.shell:Creating package script '/home/kevin/ROS2_Homework/install/shop_customer/share/shop_customer/package.zsh'
[28.113s] Level 1:colcon.colcon_core.environment:create_file_with_runtime_dependencies(/home/kevin/ROS2_Homework/install/shop_customer/share/colcon-core/packages/shop_customer)
[28.114s] Level 1:colcon.colcon_core.environment:create_environment_scripts_only(shop_customer)
[28.114s] Level 1:colcon.colcon_core.environment:checking '/home/kevin/ROS2_Homework/install/shop_customer' for CMake module files
[28.114s] Level 1:colcon.colcon_core.environment:checking '/home/kevin/ROS2_Homework/install/shop_customer' for CMake config files
[28.115s] Level 1:colcon.colcon_core.shell:create_environment_hook('shop_customer', 'cmake_prefix_path')
[28.115s] INFO:colcon.colcon_core.shell:Creating environment hook '/home/kevin/ROS2_Homework/install/shop_customer/share/shop_customer/hook/cmake_prefix_path.ps1'
[28.115s] INFO:colcon.colcon_core.shell:Creating environment descriptor '/home/kevin/ROS2_Homework/install/shop_customer/share/shop_customer/hook/cmake_prefix_path.dsv'
[28.116s] INFO:colcon.colcon_core.shell:Creating environment hook '/home/kevin/ROS2_Homework/install/shop_customer/share/shop_customer/hook/cmake_prefix_path.sh'
[28.117s] Level 1:colcon.colcon_core.environment:checking '/home/kevin/ROS2_Homework/install/shop_customer/lib'
[28.117s] Level 1:colcon.colcon_core.environment:checking '/home/kevin/ROS2_Homework/install/shop_customer/bin'
[28.117s] Level 1:colcon.colcon_core.environment:checking '/home/kevin/ROS2_Homework/install/shop_customer/lib/pkgconfig/shop_customer.pc'
[28.118s] Level 1:colcon.colcon_core.environment:checking '/home/kevin/ROS2_Homework/install/shop_customer/lib/python3.8/site-packages'
[28.118s] Level 1:colcon.colcon_core.environment:checking '/home/kevin/ROS2_Homework/install/shop_customer/bin'
[28.118s] INFO:colcon.colcon_core.shell:Creating package script '/home/kevin/ROS2_Homework/install/shop_customer/share/shop_customer/package.ps1'
[28.119s] INFO:colcon.colcon_core.shell:Creating package descriptor '/home/kevin/ROS2_Homework/install/shop_customer/share/shop_customer/package.dsv'
[28.120s] INFO:colcon.colcon_core.shell:Creating package script '/home/kevin/ROS2_Homework/install/shop_customer/share/shop_customer/package.sh'
[28.121s] INFO:colcon.colcon_core.shell:Creating package script '/home/kevin/ROS2_Homework/install/shop_customer/share/shop_customer/package.bash'
[28.122s] INFO:colcon.colcon_core.shell:Creating package script '/home/kevin/ROS2_Homework/install/shop_customer/share/shop_customer/package.zsh'
[28.124s] Level 1:colcon.colcon_core.environment:create_file_with_runtime_dependencies(/home/kevin/ROS2_Homework/install/shop_customer/share/colcon-core/packages/shop_customer)
[28.125s] DEBUG:colcon.colcon_parallel_executor.executor.parallel:closing loop
[28.126s] DEBUG:colcon.colcon_parallel_executor.executor.parallel:loop closed
[28.126s] DEBUG:colcon.colcon_parallel_executor.executor.parallel:run_until_complete finished with '0'
[28.126s] DEBUG:colcon.colcon_core.event_reactor:joining thread
[28.146s] INFO:colcon.colcon_core.plugin_system:Skipping extension 'colcon_notification.desktop_notification.terminal_notifier': Not used on non-Darwin systems
[28.146s] INFO:colcon.colcon_core.plugin_system:Skipping extension 'colcon_notification.desktop_notification.win32': Not used on non-Windows systems
[28.146s] INFO:colcon.colcon_notification.desktop_notification:Sending desktop notification using 'notify2'
[28.194s] DEBUG:colcon.colcon_core.event_reactor:joined thread
[28.195s] INFO:colcon.colcon_core.shell:Creating prefix script '/home/kevin/ROS2_Homework/install/local_setup.ps1'
[28.197s] INFO:colcon.colcon_core.shell:Creating prefix util module '/home/kevin/ROS2_Homework/install/_local_setup_util_ps1.py'
[28.201s] INFO:colcon.colcon_core.shell:Creating prefix chain script '/home/kevin/ROS2_Homework/install/setup.ps1'
[28.204s] INFO:colcon.colcon_core.shell:Creating prefix script '/home/kevin/ROS2_Homework/install/local_setup.sh'
[28.207s] INFO:colcon.colcon_core.shell:Creating prefix util module '/home/kevin/ROS2_Homework/install/_local_setup_util_sh.py'
[28.208s] INFO:colcon.colcon_core.shell:Creating prefix chain script '/home/kevin/ROS2_Homework/install/setup.sh'
[28.211s] INFO:colcon.colcon_core.shell:Creating prefix script '/home/kevin/ROS2_Homework/install/local_setup.bash'
[28.213s] INFO:colcon.colcon_core.shell:Creating prefix chain script '/home/kevin/ROS2_Homework/install/setup.bash'
[28.215s] INFO:colcon.colcon_core.shell:Creating prefix script '/home/kevin/ROS2_Homework/install/local_setup.zsh'
[28.217s] INFO:colcon.colcon_core.shell:Creating prefix chain script '/home/kevin/ROS2_Homework/install/setup.zsh'
